<?xml version="1.0" encoding="UTF-8"?>
<!-- Generated by org.testng.reporters.JUnitReportReporter -->
<testsuite hostname="DESKTOP-K3QQC9V" name="restassured_W_BDD.put_in_project" tests="1" failures="0" timestamp="22 Dec 2022 06:55:14 GMT" time="2.652" errors="0">
  <testcase name="put_in_projeCt" time="2.652" classname="restassured_W_BDD.put_in_project"/>
</testsuite> <!-- restassured_W_BDD.put_in_project -->
