<?xml version="1.0" encoding="UTF-8"?>
<!-- Generated by org.testng.reporters.JUnitReportReporter -->
<testsuite hostname="DESKTOP-K3QQC9V" name="rest_assured_reqchaining.post_get_req_chain" tests="1" failures="0" timestamp="23 Dec 2022 13:43:22 GMT" time="3.789" errors="0">
  <testcase name="post_get" time="3.789" classname="rest_assured_reqchaining.post_get_req_chain"/>
</testsuite> <!-- rest_assured_reqchaining.post_get_req_chain -->
