<?xml version="1.0" encoding="UTF-8"?>
<!-- Generated by org.testng.reporters.JUnitReportReporter -->
<testsuite hostname="DESKTOP-K3QQC9V" name="validation.dynamic_responsevalidation" tests="1" failures="0" timestamp="23 Dec 2022 12:23:55 GMT" time="3.262" errors="0">
  <testcase name="get_project" time="3.262" classname="validation.dynamic_responsevalidation"/>
</testsuite> <!-- validation.dynamic_responsevalidation -->
