<?xml version="1.0" encoding="UTF-8"?>
<!-- Generated by org.testng.reporters.JUnitReportReporter -->
<testsuite hostname="DESKTOP-K3QQC9V" name="restassured_using_diffrentclasses.using_jsonobject" tests="1" failures="0" timestamp="22 Dec 2022 11:07:26 GMT" time="3.108" errors="0">
  <testcase name="posting_project" time="3.108" classname="restassured_using_diffrentclasses.using_jsonobject"/>
</testsuite> <!-- restassured_using_diffrentclasses.using_jsonobject -->
