<?xml version="1.0" encoding="UTF-8"?>
<!-- Generated by org.testng.reporters.JUnitReportReporter -->
<testsuite hostname="DESKTOP-K3QQC9V" name="validation.path_param" tests="1" failures="0" timestamp="23 Dec 2022 13:03:24 GMT" time="2.294" errors="0">
  <testcase name="path_param" time="2.294" classname="validation.path_param"/>
</testsuite> <!-- validation.path_param -->
