<?xml version="1.0" encoding="UTF-8"?>
<!-- Generated by org.testng.reporters.JUnitReportReporter -->
<testsuite hostname="DESKTOP-K3QQC9V" name="restassured_W_BDD.post_project" tests="1" failures="0" timestamp="22 Dec 2022 06:57:28 GMT" time="3.061" errors="0">
  <testcase name="postproject" time="3.061" classname="restassured_W_BDD.post_project"/>
</testsuite> <!-- restassured_W_BDD.post_project -->
