<?xml version="1.0" encoding="UTF-8"?>
<!-- Generated by org.testng.reporters.JUnitReportReporter -->
<testsuite hostname="DESKTOP-K3QQC9V" name="restassured_W_BDD.get_project" tests="1" failures="0" timestamp="22 Dec 2022 06:55:39 GMT" time="2.230" errors="0">
  <testcase name="getproject" time="2.230" classname="restassured_W_BDD.get_project"/>
</testsuite> <!-- restassured_W_BDD.get_project -->
