<?xml version="1.0" encoding="UTF-8"?>
<!-- Generated by org.testng.reporters.JUnitReportReporter -->
<testsuite hostname="DESKTOP-K3QQC9V" name="restassured_W_BDD.delete_project" tests="1" failures="0" timestamp="22 Dec 2022 07:06:43 GMT" time="2.158" errors="0">
  <testcase name="delete_projeCt" time="2.158" classname="restassured_W_BDD.delete_project"/>
</testsuite> <!-- restassured_W_BDD.delete_project -->
