<?xml version="1.0" encoding="UTF-8"?>
<!-- Generated by org.testng.reporters.JUnitReportReporter -->
<testsuite hostname="DESKTOP-K3QQC9V" name="restassuredw_o_BDD.put_in_project" tests="1" failures="0" timestamp="22 Dec 2022 06:54:14 GMT" time="2.614" errors="0">
  <testcase name="put_project" time="2.614" classname="restassuredw_o_BDD.put_in_project"/>
</testsuite> <!-- restassuredw_o_BDD.put_in_project -->
