<?xml version="1.0" encoding="UTF-8"?>
<!-- Generated by org.testng.reporters.JUnitReportReporter -->
<testsuite hostname="DESKTOP-K3QQC9V" name="validation.validating_responsetime" tests="1" failures="0" timestamp="22 Dec 2022 11:47:03 GMT" time="2.762" errors="0">
  <testcase name="chkresponse_time" time="2.762" classname="validation.validating_responsetime"/>
</testsuite> <!-- validation.validating_responsetime -->
