<?xml version="1.0" encoding="UTF-8"?>
<!-- Generated by org.testng.reporters.JUnitReportReporter -->
<testsuite hostname="DESKTOP-K3QQC9V" name="restassured_W_BDD.get_projects" tests="1" failures="0" timestamp="22 Dec 2022 06:56:05 GMT" time="2.382" errors="0">
  <testcase name="getprojects" time="2.382" classname="restassured_W_BDD.get_projects"/>
</testsuite> <!-- restassured_W_BDD.get_projects -->
