<?xml version="1.0" encoding="UTF-8"?>
<!-- Generated by org.testng.reporters.JUnitReportReporter -->
<testsuite hostname="DESKTOP-K3QQC9V" name="sdet_009.post_project" tests="1" failures="0" timestamp="21 Dec 2022 13:34:05 GMT" time="2.932" errors="0">
  <testcase name="post_project" time="2.932" classname="sdet_009.post_project"/>
</testsuite> <!-- sdet_009.post_project -->
