<?xml version="1.0" encoding="UTF-8"?>
<!-- Generated by org.testng.reporters.JUnitReportReporter -->
<testsuite hostname="DESKTOP-K3QQC9V" name="sdet_009.get_projects" tests="1" failures="0" timestamp="21 Dec 2022 13:32:51 GMT" time="2.514" errors="0">
  <testcase name="get_projects" time="2.514" classname="sdet_009.get_projects"/>
</testsuite> <!-- sdet_009.get_projects -->
