<?xml version="1.0" encoding="UTF-8"?>
<!-- Generated by org.testng.reporters.JUnitReportReporter -->
<testsuite hostname="DESKTOP-K3QQC9V" name="validation.static_response_validation" tests="1" failures="0" timestamp="23 Dec 2022 11:41:34 GMT" time="4.000" errors="0">
  <testcase name="get_projects" time="4.000" classname="validation.static_response_validation"/>
</testsuite> <!-- validation.static_response_validation -->
