<?xml version="1.0" encoding="UTF-8"?>
<!-- Generated by org.testng.reporters.JUnitReportReporter -->
<testsuite hostname="DESKTOP-K3QQC9V" name="validation.queryparam" tests="1" failures="0" timestamp="23 Dec 2022 13:13:29 GMT" time="3.222" errors="0">
  <testcase name="queryparam" time="3.222" classname="validation.queryparam"/>
</testsuite> <!-- validation.queryparam -->
