<?xml version="1.0" encoding="UTF-8"?>
<!-- Generated by org.testng.reporters.JUnitReportReporter -->
<testsuite hostname="DESKTOP-K3QQC9V" name="authentication.auth20" tests="1" failures="0" timestamp="27 Dec 2022 13:26:20 GMT" time="3.921" errors="0">
  <testcase name="authentication20" time="3.921" classname="authentication.auth20"/>
</testsuite> <!-- authentication.auth20 -->
