<?xml version="1.0" encoding="UTF-8"?>
<!-- Generated by org.testng.reporters.JUnitReportReporter -->
<testsuite hostname="DESKTOP-K3QQC9V" name="restassured_using_diffrentclasses.using_hashmap" tests="1" failures="0" timestamp="22 Dec 2022 09:25:44 GMT" time="3.957" errors="0">
  <testcase name="usinghashmap" time="3.957" classname="restassured_using_diffrentclasses.using_hashmap"/>
</testsuite> <!-- restassured_using_diffrentclasses.using_hashmap -->
