<?xml version="1.0" encoding="UTF-8"?>
<!-- Generated by org.testng.reporters.JUnitReportReporter -->
<testsuite hostname="DESKTOP-K3QQC9V" failures="0" tests="7" name="practice.sample_1" time="0.082" errors="0" timestamp="2022-10-06T12:07:22 IST" skipped="0">
  <testcase classname="practice.sample_1" name="deletecustomer" time="0.008"/>
  <system-out/>
  <testcase classname="practice.sample_1" name="modifycustomer" time="0.013"/>
  <system-out/>
  <testcase classname="practice.sample_1" name="modifycustomer" time="0.008"/>
  <system-out/>
  <testcase classname="practice.sample_1" name="deletecustomer" time="0.018"/>
  <system-out/>
  <testcase classname="practice.sample_1" name="deletecustomer" time="0.005"/>
  <system-out/>
  <testcase classname="practice.sample_1" name="createCustomer" time="0.020"/>
  <system-out/>
  <testcase classname="practice.sample_1" name="createCustomer" time="0.010"/>
  <system-out/>
</testsuite> <!-- practice.sample_1 -->
