<?xml version="1.0" encoding="UTF-8"?>
<!-- Generated by org.testng.reporters.JUnitReportReporter -->
<testsuite skipped="0" hostname="DESKTOP-K3QQC9V" name="TC3" tests="4" failures="0" timestamp="2022-10-15T23:47:31 IST" time="0.027" errors="0">
  <testcase name="modifyenergy" time="0.005" classname="TC3"/>
  <system-out/>
  <testcase name="eraseenergy" time="0.003" classname="TC3"/>
  <system-out/>
  <testcase name="deleteenergy" time="0.002" classname="TC3"/>
  <system-out/>
  <testcase name="changeenergy" time="0.017" classname="TC3"/>
  <system-out/>
</testsuite> <!-- TC3 -->
