<?xml version="1.0" encoding="UTF-8"?>
<!-- Generated by org.testng.reporters.JUnitReportReporter -->
<testsuite hostname="DESKTOP-K3QQC9V" name="acess_github.new_application_git" tests="1" failures="0" timestamp="9 Dec 2022 14:17:02 GMT" time="2.939" errors="0">
  <testcase name="new_app" time="2.939" classname="acess_github.new_application_git"/>
</testsuite> <!-- acess_github.new_application_git -->
