<?xml version="1.0" encoding="UTF-8"?>
<!-- Generated by org.testng.reporters.JUnitReportReporter -->
<testsuite hostname="DESKTOP-K3QQC9V" name="acess_github.query_param" tests="1" failures="0" timestamp="9 Dec 2022 13:06:47 GMT" time="2.869" errors="0">
  <testcase name="queryparam" time="2.869" classname="acess_github.query_param"/>
</testsuite> <!-- acess_github.query_param -->
