<?xml version="1.0" encoding="UTF-8"?>
<!-- Generated by org.testng.reporters.JUnitReportReporter -->
<testsuite hostname="DESKTOP-K3QQC9V" name="checking_response_time2" tests="1" failures="0" timestamp="13 Dec 2022 15:03:04 GMT" time="4.466" errors="0">
  <testcase name="resptime2" time="4.466" classname="checking_response_time2"/>
</testsuite> <!-- checking_response_time2 -->
