<?xml version="1.0" encoding="UTF-8"?>
<!-- Generated by org.testng.reporters.JUnitReportReporter -->
<testsuite hostname="DESKTOP-K3QQC9V" name="acess_github.get_access_rmgy_repos" tests="1" failures="0" timestamp="9 Dec 2022 06:39:36 GMT" time="2.647" errors="0">
  <testcase name="get_all_data" time="2.647" classname="acess_github.get_access_rmgy_repos"/>
</testsuite> <!-- acess_github.get_access_rmgy_repos -->
