<?xml version="1.0" encoding="UTF-8"?>
<!-- Generated by org.testng.reporters.JUnitReportReporter -->
<testsuite hostname="DESKTOP-K3QQC9V" name="listprojectid_projectname" tests="1" failures="0" timestamp="13 Dec 2022 08:16:33 GMT" time="2.427" errors="0">
  <testcase name="list" time="2.427" classname="listprojectid_projectname"/>
</testsuite> <!-- listprojectid_projectname -->
