<?xml version="1.0" encoding="UTF-8"?>
<!-- Generated by org.testng.reporters.JUnitReportReporter -->
<testsuite hostname="DESKTOP-K3QQC9V" name="acess_github.get_repos_repos" tests="1" failures="0" timestamp="9 Dec 2022 06:40:23 GMT" time="3.200" errors="0">
  <testcase name="getrepos" time="3.200" classname="acess_github.get_repos_repos"/>
</testsuite> <!-- acess_github.get_repos_repos -->
