<?xml version="1.0" encoding="UTF-8"?>
<!-- Generated by org.testng.reporters.JUnitReportReporter -->
<testsuite hostname="DESKTOP-K3QQC9V" name="validate_and_verify_tc" tests="1" failures="0" timestamp="13 Dec 2022 14:55:52 GMT" time="3.187" errors="0">
  <testcase name="verify_validate_tc" time="3.187" classname="validate_and_verify_tc"/>
</testsuite> <!-- validate_and_verify_tc -->
