<?xml version="1.0" encoding="UTF-8"?>
<!-- Generated by org.testng.reporters.JUnitReportReporter -->
<testsuite hostname="DESKTOP-K3QQC9V" name="checking_response_time" tests="1" failures="0" timestamp="13 Dec 2022 15:00:44 GMT" time="2.616" errors="0">
  <testcase name="chk_resp_time" time="2.616" classname="checking_response_time"/>
</testsuite> <!-- checking_response_time -->
