<?xml version="1.0" encoding="UTF-8"?>
<!-- Generated by org.testng.reporters.JUnitReportReporter -->
<testsuite hostname="DESKTOP-K3QQC9V" name="sample.get_projects" tests="1" failures="0" timestamp="23 Dec 2022 13:29:39 GMT" time="2.115" errors="0">
  <testcase name="getallprojects" time="2.115" classname="sample.get_projects"/>
</testsuite> <!-- sample.get_projects -->
