<?xml version="1.0" encoding="UTF-8"?>
<!-- Generated by org.testng.reporters.JUnitReportReporter -->
<testsuite hostname="DESKTOP-K3QQC9V" name="localhost_addproject" tests="1" failures="0" timestamp="21 Dec 2022 10:20:46 GMT" time="2.854" errors="0">
  <testcase name="create_project_BDD" time="2.854" classname="localhost_addproject"/>
</testsuite> <!-- localhost_addproject -->
