<?xml version="1.0" encoding="UTF-8"?>
<!-- Generated by org.testng.reporters.JUnitReportReporter -->
<testsuite hostname="DESKTOP-K3QQC9V" name="acess_github.search_user" tests="1" failures="0" timestamp="9 Dec 2022 13:11:58 GMT" time="2.655" errors="0">
  <testcase name="search_users" time="2.655" classname="acess_github.search_user"/>
</testsuite> <!-- acess_github.search_user -->
