<?xml version="1.0" encoding="UTF-8"?>
<!-- Generated by org.testng.reporters.JUnitReportReporter -->
<testsuite hostname="DESKTOP-K3QQC9V" name="acess_github.path_parameter_dynamic" tests="1" failures="0" timestamp="9 Dec 2022 08:44:46 GMT" time="3.541" errors="0">
  <testcase name="get_repos_dynamic" time="3.541" classname="acess_github.path_parameter_dynamic"/>
</testsuite> <!-- acess_github.path_parameter_dynamic -->
