<?xml version="1.0" encoding="UTF-8"?>
<!-- Generated by org.testng.reporters.JUnitReportReporter -->
<testsuite hostname="DESKTOP-K3QQC9V" failures="0" tests="2" name="practice.Hardassert" time="0.030" errors="0" timestamp="2022-10-07T11:11:20 IST" skipped="0">
  <testcase classname="practice.Hardassert" name="create_cust" time="0.026"/>
  <system-out/>
  <testcase classname="practice.Hardassert" name="modify_cust" time="0.004"/>
  <system-out/>
</testsuite> <!-- practice.Hardassert -->
