<?xml version="1.0" encoding="UTF-8"?>
<!-- Generated by org.testng.reporters.JUnitReportReporter -->
<testsuite skipped="0" hostname="DESKTOP-K3QQC9V" name="TC1" tests="1" failures="0" timestamp="2022-10-15T23:37:38 IST" time="0.012" errors="0">
  <testcase name="createcust" time="0.012" classname="TC1"/>
  <system-out/>
</testsuite> <!-- TC1 -->
