<?xml version="1.0" encoding="UTF-8"?>
<!-- Generated by org.testng.reporters.JUnitReportReporter -->
<testsuite skipped="0" hostname="DESKTOP-K3QQC9V" name="Organization.createorganization" tests="1" failures="0" timestamp="2022-10-16T20:52:49 IST" time="34.007" errors="0">
  <testcase name="createorganizationtest" time="34.007" classname="Organization.createorganization"/>
  <system-out/>
</testsuite> <!-- Organization.createorganization -->
