<?xml version="1.0" encoding="UTF-8"?>
<!-- Generated by org.testng.reporters.JUnitReportReporter -->
<testsuite hostname="DESKTOP-K3QQC9V" failures="0" tests="1" name="practice.create_campaign" time="37.727" errors="0" timestamp="2022-10-06T15:38:52 IST" skipped="0">
  <testcase classname="practice.create_campaign" name="create_campaignTest" time="37.727"/>
  <system-out/>
</testsuite> <!-- practice.create_campaign -->
