<?xml version="1.0" encoding="UTF-8"?>
<!-- Generated by org.testng.reporters.JUnitReportReporter -->
<testsuite skipped="0" hostname="DESKTOP-K3QQC9V" name="product.createproduct" tests="1" failures="0" timestamp="2022-12-25T14:01:02 IST" time="24.660" errors="0">
  <testcase name="createproductTEST" time="24.660" classname="product.createproduct"/>
  <system-out/>
</testsuite> <!-- product.createproduct -->
