<?xml version="1.0" encoding="UTF-8"?>
<!-- Generated by org.testng.reporters.JUnitReportReporter -->
<testsuite skipped="0" hostname="DESKTOP-K3QQC9V" name="campaign.create_campaign" tests="1" failures="0" timestamp="2022-12-25T15:17:43 IST" time="23.058" errors="0">
  <testcase name="create_campaignTest" time="23.058" classname="campaign.create_campaign"/>
  <system-out/>
</testsuite> <!-- campaign.create_campaign -->
